# JRE version: OpenJDK Runtime Environment (11.0.13+8) (build 11.0.13+8-Ubuntu-0ubuntu1.20.04)
# Java VM: OpenJDK 64-Bit Server VM (11.0.13+8-Ubuntu-0ubuntu1.20.04, mixed mode, sharing, tiered, compressed oops, g1 gc, linux-amd64)
Heap:
 garbage-first heap   total 444416K, used 98205K [0x0000000708000000, 0x0000000800000000)
  region size 1024K, 57 young (58368K), 14 survivors (14336K)
 Metaspace       used 36483K, capacity 37724K, committed 38144K, reserved 1081344K
  class space    used 4807K, capacity 5278K, committed 5376K, reserved 1048576K
GC Heap History (18 events):
Event: 0,610 GC heap before
{Heap before GC invocations=0 (full 0):
 garbage-first heap   total 256000K, used 25288K [0x0000000708000000, 0x0000000800000000)
  region size 1024K, 24 young (24576K), 0 survivors (0K)
 Metaspace       used 5345K, capacity 5728K, committed 6016K, reserved 1056768K
  class space    used 671K, capacity 769K, committed 896K, reserved 1048576K
}
Event: 0,632 GC heap after
{Heap after GC invocations=1 (full 0):
 garbage-first heap   total 256000K, used 8710K [0x0000000708000000, 0x0000000800000000)
  region size 1024K, 3 young (3072K), 3 survivors (3072K)
 Metaspace       used 5345K, capacity 5728K, committed 6016K, reserved 1056768K
  class space    used 671K, capacity 769K, committed 896K, reserved 1048576K
}
Event: 0,903 GC heap before
{Heap before GC invocations=1 (full 0):
 garbage-first heap   total 256000K, used 29190K [0x0000000708000000, 0x0000000800000000)
  region size 1024K, 23 young (23552K), 3 survivors (3072K)
 Metaspace       used 8008K, capacity 8399K, committed 8704K, reserved 1056768K
  class space    used 1037K, capacity 1192K, committed 1280K, reserved 1048576K
}
Event: 0,916 GC heap after
{Heap after GC invocations=2 (full 0):
 garbage-first heap   total 256000K, used 10341K [0x0000000708000000, 0x0000000800000000)
  region size 1024K, 2 young (2048K), 2 survivors (2048K)
 Metaspace       used 8008K, capacity 8399K, committed 8704K, reserved 1056768K
  class space    used 1037K, capacity 1192K, committed 1280K, reserved 1048576K
}
Event: 1,100 GC heap before
{Heap before GC invocations=2 (full 0):
 garbage-first heap   total 256000K, used 59493K [0x0000000708000000, 0x0000000800000000)
  region size 1024K, 50 young (51200K), 2 survivors (2048K)
 Metaspace       used 10932K, capacity 11478K, committed 11648K, reserved 1058816K
  class space    used 1492K, capacity 1664K, committed 1664K, reserved 1048576K
}
Event: 1,106 GC heap after
{Heap after GC invocations=3 (full 0):
 garbage-first heap   total 256000K, used 11098K [0x0000000708000000, 0x0000000800000000)
  region size 1024K, 3 young (3072K), 3 survivors (3072K)
 Metaspace       used 10932K, capacity 11478K, committed 11648K, reserved 1058816K
  class space    used 1492K, capacity 1664K, committed 1664K, reserved 1048576K
}
Event: 1,566 GC heap before
{Heap before GC invocations=3 (full 0):
 garbage-first heap   total 256000K, used 93018K [0x0000000708000000, 0x0000000800000000)
  region size 1024K, 83 young (84992K), 3 survivors (3072K)
 Metaspace       used 18679K, capacity 19362K, committed 19456K, reserved 1067008K
  class space    used 2489K, capacity 2754K, committed 2816K, reserved 1048576K
}
Event: 1,577 GC heap after
{Heap after GC invocations=4 (full 0):
 garbage-first heap   total 256000K, used 13422K [0x0000000708000000, 0x0000000800000000)
  region size 1024K, 5 young (5120K), 5 survivors (5120K)
 Metaspace       used 18679K, capacity 19362K, committed 19456K, reserved 1067008K
  class space    used 2489K, capacity 2754K, committed 2816K, reserved 1048576K
}
Event: 1,925 GC heap before
{Heap before GC invocations=4 (full 0):
 garbage-first heap   total 256000K, used 89198K [0x0000000708000000, 0x0000000800000000)
  region size 1024K, 80 young (81920K), 5 survivors (5120K)
 Metaspace       used 20418K, capacity 21210K, committed 21248K, reserved 1067008K
  class space    used 2741K, capacity 3050K, committed 3072K, reserved 1048576K
}
Event: 1,936 GC heap after
{Heap after GC invocations=5 (full 0):
 garbage-first heap   total 369664K, used 14851K [0x0000000708000000, 0x0000000800000000)
  region size 1024K, 6 young (6144K), 6 survivors (6144K)
 Metaspace       used 20418K, capacity 21210K, committed 21248K, reserved 1067008K
  class space    used 2741K, capacity 3050K, committed 3072K, reserved 1048576K
}
Event: 2,877 GC heap before
{Heap before GC invocations=6 (full 0):
 garbage-first heap   total 369664K, used 229891K [0x0000000708000000, 0x0000000800000000)
  region size 1024K, 216 young (221184K), 6 survivors (6144K)
 Metaspace       used 25917K, capacity 26856K, committed 27264K, reserved 1073152K
  class space    used 3488K, capacity 3885K, committed 3968K, reserved 1048576K
}
Event: 2,886 GC heap after
{Heap after GC invocations=7 (full 0):
 garbage-first heap   total 369664K, used 21947K [0x0000000708000000, 0x0000000800000000)
  region size 1024K, 13 young (13312K), 13 survivors (13312K)
 Metaspace       used 25917K, capacity 26856K, committed 27264K, reserved 1073152K
  class space    used 3488K, capacity 3885K, committed 3968K, reserved 1048576K
}
Event: 3,413 GC heap before
{Heap before GC invocations=7 (full 0):
 garbage-first heap   total 369664K, used 229819K [0x0000000708000000, 0x0000000800000000)
  region size 1024K, 216 young (221184K), 13 survivors (13312K)
 Metaspace       used 29012K, capacity 30126K, committed 30464K, reserved 1075200K
  class space    used 3843K, capacity 4271K, committed 4352K, reserved 1048576K
}
Event: 3,421 GC heap after
{Heap after GC invocations=8 (full 0):
 garbage-first heap   total 369664K, used 24108K [0x0000000708000000, 0x0000000800000000)
  region size 1024K, 15 young (15360K), 15 survivors (15360K)
 Metaspace       used 29012K, capacity 30126K, committed 30464K, reserved 1075200K
  class space    used 3843K, capacity 4271K, committed 4352K, reserved 1048576K
}
Event: 4,003 GC heap before
{Heap before GC invocations=8 (full 0):
 garbage-first heap   total 369664K, used 229932K [0x0000000708000000, 0x0000000800000000)
  region size 1024K, 216 young (221184K), 15 survivors (15360K)
 Metaspace       used 30787K, capacity 31898K, committed 32256K, reserved 1077248K
  class space    used 4089K, capacity 4518K, committed 4608K, reserved 1048576K
}
Event: 4,013 GC heap after
{Heap after GC invocations=9 (full 0):
 garbage-first heap   total 369664K, used 26848K [0x0000000708000000, 0x0000000800000000)
  region size 1024K, 17 young (17408K), 17 survivors (17408K)
 Metaspace       used 30787K, capacity 31898K, committed 32256K, reserved 1077248K
  class space    used 4089K, capacity 4518K, committed 4608K, reserved 1048576K
}
Event: 48,119 GC heap before
{Heap before GC invocations=9 (full 0):
 garbage-first heap   total 369664K, used 162016K [0x0000000708000000, 0x0000000800000000)
  region size 1024K, 150 young (153600K), 17 survivors (17408K)
 Metaspace       used 34418K, capacity 35590K, committed 35840K, reserved 1079296K
  class space    used 4554K, capacity 5018K, committed 5120K, reserved 1048576K
}
Event: 48,135 GC heap after
{Heap after GC invocations=10 (full 0):
 garbage-first heap   total 444416K, used 26525K [0x0000000708000000, 0x0000000800000000)
  region size 1024K, 14 young (14336K), 14 survivors (14336K)
 Metaspace       used 34418K, capacity 35590K, committed 35840K, reserved 1079296K
  class space    used 4554K, capacity 5018K, committed 5120K, reserved 1048576K
}

