# JRE version: OpenJDK Runtime Environment (11.0.13+8) (build 11.0.13+8-Ubuntu-0ubuntu1.20.04)
# Java VM: OpenJDK 64-Bit Server VM (11.0.13+8-Ubuntu-0ubuntu1.20.04, mixed mode, sharing, tiered, compressed oops, g1 gc, linux-amd64)
Heap:
 garbage-first heap   total 434176K, used 70856K [0x0000000708000000, 0x0000000800000000)
  region size 1024K, 37 young (37888K), 14 survivors (14336K)
 Metaspace       used 36358K, capacity 37518K, committed 37752K, reserved 1081344K
  class space    used 4801K, capacity 5276K, committed 5376K, reserved 1048576K
GC Heap History (18 events):
Event: 0,525 GC heap before
{Heap before GC invocations=0 (full 0):
 garbage-first heap   total 256000K, used 25288K [0x0000000708000000, 0x0000000800000000)
  region size 1024K, 24 young (24576K), 0 survivors (0K)
 Metaspace       used 5337K, capacity 5726K, committed 6016K, reserved 1056768K
  class space    used 671K, capacity 769K, committed 896K, reserved 1048576K
}
Event: 0,537 GC heap after
{Heap after GC invocations=1 (full 0):
 garbage-first heap   total 256000K, used 8488K [0x0000000708000000, 0x0000000800000000)
  region size 1024K, 3 young (3072K), 3 survivors (3072K)
 Metaspace       used 5337K, capacity 5726K, committed 6016K, reserved 1056768K
  class space    used 671K, capacity 769K, committed 896K, reserved 1048576K
}
Event: 0,713 GC heap before
{Heap before GC invocations=1 (full 0):
 garbage-first heap   total 256000K, used 25896K [0x0000000708000000, 0x0000000800000000)
  region size 1024K, 20 young (20480K), 3 survivors (3072K)
 Metaspace       used 7963K, capacity 8333K, committed 8448K, reserved 1056768K
  class space    used 1033K, capacity 1192K, committed 1280K, reserved 1048576K
}
Event: 0,721 GC heap after
{Heap after GC invocations=2 (full 0):
 garbage-first heap   total 256000K, used 9895K [0x0000000708000000, 0x0000000800000000)
  region size 1024K, 2 young (2048K), 2 survivors (2048K)
 Metaspace       used 7963K, capacity 8333K, committed 8448K, reserved 1056768K
  class space    used 1033K, capacity 1192K, committed 1280K, reserved 1048576K
}
Event: 0,834 GC heap before
{Heap before GC invocations=2 (full 0):
 garbage-first heap   total 256000K, used 56999K [0x0000000708000000, 0x0000000800000000)
  region size 1024K, 48 young (49152K), 2 survivors (2048K)
 Metaspace       used 10532K, capacity 10984K, committed 11136K, reserved 1058816K
  class space    used 1412K, capacity 1584K, committed 1664K, reserved 1048576K
}
Event: 0,837 GC heap after
{Heap after GC invocations=3 (full 0):
 garbage-first heap   total 256000K, used 10528K [0x0000000708000000, 0x0000000800000000)
  region size 1024K, 3 young (3072K), 3 survivors (3072K)
 Metaspace       used 10532K, capacity 10984K, committed 11136K, reserved 1058816K
  class space    used 1412K, capacity 1584K, committed 1664K, reserved 1048576K
}
Event: 1,194 GC heap before
{Heap before GC invocations=3 (full 0):
 garbage-first heap   total 256000K, used 91424K [0x0000000708000000, 0x0000000800000000)
  region size 1024K, 82 young (83968K), 3 survivors (3072K)
 Metaspace       used 18360K, capacity 19046K, committed 19456K, reserved 1067008K
  class space    used 2448K, capacity 2692K, committed 2816K, reserved 1048576K
}
Event: 1,214 GC heap after
{Heap after GC invocations=4 (full 0):
 garbage-first heap   total 256000K, used 12606K [0x0000000708000000, 0x0000000800000000)
  region size 1024K, 5 young (5120K), 5 survivors (5120K)
 Metaspace       used 18360K, capacity 19046K, committed 19456K, reserved 1067008K
  class space    used 2448K, capacity 2692K, committed 2816K, reserved 1048576K
}
Event: 1,516 GC heap before
{Heap before GC invocations=4 (full 0):
 garbage-first heap   total 256000K, used 92478K [0x0000000708000000, 0x0000000800000000)
  region size 1024K, 84 young (86016K), 5 survivors (5120K)
 Metaspace       used 20240K, capacity 21072K, committed 21248K, reserved 1067008K
  class space    used 2723K, capacity 3049K, committed 3072K, reserved 1048576K
}
Event: 1,524 GC heap after
{Heap after GC invocations=5 (full 0):
 garbage-first heap   total 361472K, used 14085K [0x0000000708000000, 0x0000000800000000)
  region size 1024K, 6 young (6144K), 6 survivors (6144K)
 Metaspace       used 20240K, capacity 21072K, committed 21248K, reserved 1067008K
  class space    used 2723K, capacity 3049K, committed 3072K, reserved 1048576K
}
Event: 2,277 GC heap before
{Heap before GC invocations=6 (full 0):
 garbage-first heap   total 361472K, used 224005K [0x0000000708000000, 0x0000000800000000)
  region size 1024K, 211 young (216064K), 6 survivors (6144K)
 Metaspace       used 25483K, capacity 26495K, committed 26752K, reserved 1073152K
  class space    used 3450K, capacity 3852K, committed 3968K, reserved 1048576K
}
Event: 2,285 GC heap after
{Heap after GC invocations=7 (full 0):
 garbage-first heap   total 361472K, used 21270K [0x0000000708000000, 0x0000000800000000)
  region size 1024K, 13 young (13312K), 13 survivors (13312K)
 Metaspace       used 25483K, capacity 26495K, committed 26752K, reserved 1073152K
  class space    used 3450K, capacity 3852K, committed 3968K, reserved 1048576K
}
Event: 2,769 GC heap before
{Heap before GC invocations=7 (full 0):
 garbage-first heap   total 361472K, used 224022K [0x0000000708000000, 0x0000000800000000)
  region size 1024K, 211 young (216064K), 13 survivors (13312K)
 Metaspace       used 28948K, capacity 29992K, committed 30208K, reserved 1075200K
  class space    used 3843K, capacity 4271K, committed 4352K, reserved 1048576K
}
Event: 2,778 GC heap after
{Heap after GC invocations=8 (full 0):
 garbage-first heap   total 361472K, used 23391K [0x0000000708000000, 0x0000000800000000)
  region size 1024K, 15 young (15360K), 15 survivors (15360K)
 Metaspace       used 28948K, capacity 29992K, committed 30208K, reserved 1075200K
  class space    used 3843K, capacity 4271K, committed 4352K, reserved 1048576K
}
Event: 3,209 GC heap before
{Heap before GC invocations=8 (full 0):
 garbage-first heap   total 361472K, used 224095K [0x0000000708000000, 0x0000000800000000)
  region size 1024K, 211 young (216064K), 15 survivors (15360K)
 Metaspace       used 30603K, capacity 31755K, committed 32000K, reserved 1077248K
  class space    used 4076K, capacity 4515K, committed 4608K, reserved 1048576K
}
Event: 3,217 GC heap after
{Heap after GC invocations=9 (full 0):
 garbage-first heap   total 361472K, used 25879K [0x0000000708000000, 0x0000000800000000)
  region size 1024K, 16 young (16384K), 16 survivors (16384K)
 Metaspace       used 30603K, capacity 31755K, committed 32000K, reserved 1077248K
  class space    used 4076K, capacity 4515K, committed 4608K, reserved 1048576K
}
Event: 7,544 GC heap before
{Heap before GC invocations=9 (full 0):
 garbage-first heap   total 361472K, used 175383K [0x0000000708000000, 0x0000000800000000)
  region size 1024K, 163 young (166912K), 16 survivors (16384K)
 Metaspace       used 34245K, capacity 35424K, committed 35628K, reserved 1079296K
  class space    used 4540K, capacity 4986K, committed 4992K, reserved 1048576K
}
Event: 7,559 GC heap after
{Heap after GC invocations=10 (full 0):
 garbage-first heap   total 434176K, used 25800K [0x0000000708000000, 0x0000000800000000)
  region size 1024K, 14 young (14336K), 14 survivors (14336K)
 Metaspace       used 34245K, capacity 35424K, committed 35628K, reserved 1079296K
  class space    used 4540K, capacity 4986K, committed 4992K, reserved 1048576K
}

