# JRE version: OpenJDK Runtime Environment (11.0.13+8) (build 11.0.13+8-Ubuntu-0ubuntu1.20.04)
# Java VM: OpenJDK 64-Bit Server VM (11.0.13+8-Ubuntu-0ubuntu1.20.04, mixed mode, sharing, tiered, compressed oops, g1 gc, linux-amd64)
Heap:
 garbage-first heap   total 407552K, used 97532K [0x0000000708000000, 0x0000000800000000)
  region size 1024K, 56 young (57344K), 13 survivors (13312K)
 Metaspace       used 36562K, capacity 37783K, committed 38144K, reserved 1081344K
  class space    used 4810K, capacity 5278K, committed 5376K, reserved 1048576K
GC Heap History (20 events):
Event: 0,596 GC heap before
{Heap before GC invocations=0 (full 0):
 garbage-first heap   total 256000K, used 25288K [0x0000000708000000, 0x0000000800000000)
  region size 1024K, 24 young (24576K), 0 survivors (0K)
 Metaspace       used 5350K, capacity 5726K, committed 6016K, reserved 1056768K
  class space    used 671K, capacity 769K, committed 896K, reserved 1048576K
}
Event: 0,608 GC heap after
{Heap after GC invocations=1 (full 0):
 garbage-first heap   total 256000K, used 8736K [0x0000000708000000, 0x0000000800000000)
  region size 1024K, 3 young (3072K), 3 survivors (3072K)
 Metaspace       used 5350K, capacity 5726K, committed 6016K, reserved 1056768K
  class space    used 671K, capacity 769K, committed 896K, reserved 1048576K
}
Event: 0,807 GC heap before
{Heap before GC invocations=1 (full 0):
 garbage-first heap   total 256000K, used 24096K [0x0000000708000000, 0x0000000800000000)
  region size 1024K, 18 young (18432K), 3 survivors (3072K)
 Metaspace       used 7590K, capacity 7979K, committed 8064K, reserved 1056768K
  class space    used 975K, capacity 1133K, committed 1152K, reserved 1048576K
}
Event: 0,817 GC heap after
{Heap after GC invocations=2 (full 0):
 garbage-first heap   total 256000K, used 10025K [0x0000000708000000, 0x0000000800000000)
  region size 1024K, 2 young (2048K), 2 survivors (2048K)
 Metaspace       used 7590K, capacity 7979K, committed 8064K, reserved 1056768K
  class space    used 975K, capacity 1133K, committed 1152K, reserved 1048576K
}
Event: 0,981 GC heap before
{Heap before GC invocations=2 (full 0):
 garbage-first heap   total 256000K, used 55081K [0x0000000708000000, 0x0000000800000000)
  region size 1024K, 46 young (47104K), 2 survivors (2048K)
 Metaspace       used 10333K, capacity 10807K, committed 11136K, reserved 1058816K
  class space    used 1360K, capacity 1546K, committed 1664K, reserved 1048576K
}
Event: 0,987 GC heap after
{Heap after GC invocations=3 (full 0):
 garbage-first heap   total 256000K, used 10700K [0x0000000708000000, 0x0000000800000000)
  region size 1024K, 2 young (2048K), 2 survivors (2048K)
 Metaspace       used 10333K, capacity 10807K, committed 11136K, reserved 1058816K
  class space    used 1360K, capacity 1546K, committed 1664K, reserved 1048576K
}
Event: 1,511 GC heap before
{Heap before GC invocations=3 (full 0):
 garbage-first heap   total 256000K, used 102860K [0x0000000708000000, 0x0000000800000000)
  region size 1024K, 92 young (94208K), 2 survivors (2048K)
 Metaspace       used 19256K, capacity 20034K, committed 20352K, reserved 1067008K
  class space    used 2570K, capacity 2855K, committed 2944K, reserved 1048576K
}
Event: 1,521 GC heap after
{Heap after GC invocations=4 (full 0):
 garbage-first heap   total 256000K, used 13517K [0x0000000708000000, 0x0000000800000000)
  region size 1024K, 5 young (5120K), 5 survivors (5120K)
 Metaspace       used 19256K, capacity 20034K, committed 20352K, reserved 1067008K
  class space    used 2570K, capacity 2855K, committed 2944K, reserved 1048576K
}
Event: 1,884 GC heap before
{Heap before GC invocations=4 (full 0):
 garbage-first heap   total 256000K, used 86221K [0x0000000708000000, 0x0000000800000000)
  region size 1024K, 77 young (78848K), 5 survivors (5120K)
 Metaspace       used 20284K, capacity 21104K, committed 21248K, reserved 1067008K
  class space    used 2716K, capacity 3017K, committed 3072K, reserved 1048576K
}
Event: 1,894 GC heap after
{Heap after GC invocations=5 (full 0):
 garbage-first heap   total 338944K, used 14518K [0x0000000708000000, 0x0000000800000000)
  region size 1024K, 6 young (6144K), 6 survivors (6144K)
 Metaspace       used 20284K, capacity 21104K, committed 21248K, reserved 1067008K
  class space    used 2716K, capacity 3017K, committed 3072K, reserved 1048576K
}
Event: 2,456 GC heap before
{Heap before GC invocations=6 (full 0):
 garbage-first heap   total 338944K, used 145590K [0x0000000708000000, 0x0000000800000000)
  region size 1024K, 134 young (137216K), 6 survivors (6144K)
 Metaspace       used 23606K, capacity 24529K, committed 24832K, reserved 1071104K
  class space    used 3165K, capacity 3514K, committed 3584K, reserved 1048576K
}
Event: 2,463 GC heap after
{Heap after GC invocations=7 (full 0):
 garbage-first heap   total 338944K, used 16823K [0x0000000708000000, 0x0000000800000000)
  region size 1024K, 8 young (8192K), 8 survivors (8192K)
 Metaspace       used 23606K, capacity 24529K, committed 24832K, reserved 1071104K
  class space    used 3165K, capacity 3514K, committed 3584K, reserved 1048576K
}
Event: 3,020 GC heap before
{Heap before GC invocations=7 (full 0):
 garbage-first heap   total 338944K, used 188855K [0x0000000708000000, 0x0000000800000000)
  region size 1024K, 176 young (180224K), 8 survivors (8192K)
 Metaspace       used 27204K, capacity 28267K, committed 28416K, reserved 1073152K
  class space    used 3623K, capacity 4057K, committed 4096K, reserved 1048576K
}
Event: 3,030 GC heap after
{Heap after GC invocations=8 (full 0):
 garbage-first heap   total 338944K, used 22867K [0x0000000708000000, 0x0000000800000000)
  region size 1024K, 14 young (14336K), 14 survivors (14336K)
 Metaspace       used 27204K, capacity 28267K, committed 28416K, reserved 1073152K
  class space    used 3623K, capacity 4057K, committed 4096K, reserved 1048576K
}
Event: 3,505 GC heap before
{Heap before GC invocations=8 (full 0):
 garbage-first heap   total 338944K, used 211283K [0x0000000708000000, 0x0000000800000000)
  region size 1024K, 198 young (202752K), 14 survivors (14336K)
 Metaspace       used 29564K, capacity 30690K, committed 31104K, reserved 1075200K
  class space    used 3932K, capacity 4374K, committed 4480K, reserved 1048576K
}
Event: 3,518 GC heap after
{Heap after GC invocations=9 (full 0):
 garbage-first heap   total 338944K, used 24453K [0x0000000708000000, 0x0000000800000000)
  region size 1024K, 15 young (15360K), 15 survivors (15360K)
 Metaspace       used 29564K, capacity 30690K, committed 31104K, reserved 1075200K
  class space    used 3932K, capacity 4374K, committed 4480K, reserved 1048576K
}
Event: 4,071 GC heap before
{Heap before GC invocations=9 (full 0):
 garbage-first heap   total 338944K, used 211845K [0x0000000708000000, 0x0000000800000000)
  region size 1024K, 198 young (202752K), 15 survivors (15360K)
 Metaspace       used 30990K, capacity 32084K, committed 32256K, reserved 1077248K
  class space    used 4110K, capacity 4538K, committed 4608K, reserved 1048576K
}
Event: 4,090 GC heap after
{Heap after GC invocations=10 (full 0):
 garbage-first heap   total 407552K, used 27150K [0x0000000708000000, 0x0000000800000000)
  region size 1024K, 14 young (14336K), 14 survivors (14336K)
 Metaspace       used 30990K, capacity 32084K, committed 32256K, reserved 1077248K
  class space    used 4110K, capacity 4538K, committed 4608K, reserved 1048576K
}
Event: 5,443 GC heap before
{Heap before GC invocations=10 (full 0):
 garbage-first heap   total 407552K, used 117262K [0x0000000708000000, 0x0000000800000000)
  region size 1024K, 103 young (105472K), 14 survivors (14336K)
 Metaspace       used 34495K, capacity 35649K, committed 35840K, reserved 1079296K
  class space    used 4556K, capacity 5018K, committed 5120K, reserved 1048576K
}
Event: 5,460 GC heap after
{Heap after GC invocations=11 (full 0):
 garbage-first heap   total 407552K, used 25852K [0x0000000708000000, 0x0000000800000000)
  region size 1024K, 13 young (13312K), 13 survivors (13312K)
 Metaspace       used 34495K, capacity 35649K, committed 35840K, reserved 1079296K
  class space    used 4556K, capacity 5018K, committed 5120K, reserved 1048576K
}

