# JRE version: OpenJDK Runtime Environment (11.0.13+8) (build 11.0.13+8-Ubuntu-0ubuntu1.20.04)
# Java VM: OpenJDK 64-Bit Server VM (11.0.13+8-Ubuntu-0ubuntu1.20.04, mixed mode, sharing, tiered, compressed oops, g1 gc, linux-amd64)
Heap:
 garbage-first heap   total 415744K, used 93498K [0x0000000708000000, 0x0000000800000000)
  region size 1024K, 55 young (56320K), 13 survivors (13312K)
 Metaspace       used 36458K, capacity 37719K, committed 38096K, reserved 1081344K
  class space    used 4806K, capacity 5278K, committed 5372K, reserved 1048576K
GC Heap History (20 events):
Event: 0,585 GC heap before
{Heap before GC invocations=0 (full 0):
 garbage-first heap   total 256000K, used 25288K [0x0000000708000000, 0x0000000800000000)
  region size 1024K, 24 young (24576K), 0 survivors (0K)
 Metaspace       used 5324K, capacity 5726K, committed 6016K, reserved 1056768K
  class space    used 671K, capacity 769K, committed 896K, reserved 1048576K
}
Event: 0,606 GC heap after
{Heap after GC invocations=1 (full 0):
 garbage-first heap   total 256000K, used 8407K [0x0000000708000000, 0x0000000800000000)
  region size 1024K, 3 young (3072K), 3 survivors (3072K)
 Metaspace       used 5324K, capacity 5726K, committed 6016K, reserved 1056768K
  class space    used 671K, capacity 769K, committed 896K, reserved 1048576K
}
Event: 0,758 GC heap before
{Heap before GC invocations=1 (full 0):
 garbage-first heap   total 256000K, used 20695K [0x0000000708000000, 0x0000000800000000)
  region size 1024K, 15 young (15360K), 3 survivors (3072K)
 Metaspace       used 7095K, capacity 7428K, committed 7552K, reserved 1056768K
  class space    used 902K, capacity 1034K, committed 1152K, reserved 1048576K
}
Event: 0,768 GC heap after
{Heap after GC invocations=2 (full 0):
 garbage-first heap   total 256000K, used 9601K [0x0000000708000000, 0x0000000800000000)
  region size 1024K, 2 young (2048K), 2 survivors (2048K)
 Metaspace       used 7095K, capacity 7428K, committed 7552K, reserved 1056768K
  class space    used 902K, capacity 1034K, committed 1152K, reserved 1048576K
}
Event: 0,924 GC heap before
{Heap before GC invocations=2 (full 0):
 garbage-first heap   total 256000K, used 51585K [0x0000000708000000, 0x0000000800000000)
  region size 1024K, 43 young (44032K), 2 survivors (2048K)
 Metaspace       used 10084K, capacity 10545K, committed 10752K, reserved 1058816K
  class space    used 1314K, capacity 1480K, committed 1536K, reserved 1048576K
}
Event: 0,928 GC heap after
{Heap after GC invocations=3 (full 0):
 garbage-first heap   total 256000K, used 10464K [0x0000000708000000, 0x0000000800000000)
  region size 1024K, 2 young (2048K), 2 survivors (2048K)
 Metaspace       used 10084K, capacity 10545K, committed 10752K, reserved 1058816K
  class space    used 1314K, capacity 1480K, committed 1536K, reserved 1048576K
}
Event: 1,516 GC heap before
{Heap before GC invocations=3 (full 0):
 garbage-first heap   total 256000K, used 159968K [0x0000000708000000, 0x0000000800000000)
  region size 1024K, 148 young (151552K), 2 survivors (2048K)
 Metaspace       used 19702K, capacity 20520K, committed 20608K, reserved 1067008K
  class space    used 2633K, capacity 2929K, committed 2944K, reserved 1048576K
}
Event: 1,521 GC heap after
{Heap after GC invocations=4 (full 0):
 garbage-first heap   total 256000K, used 13625K [0x0000000708000000, 0x0000000800000000)
  region size 1024K, 5 young (5120K), 5 survivors (5120K)
 Metaspace       used 19702K, capacity 20520K, committed 20608K, reserved 1067008K
  class space    used 2633K, capacity 2929K, committed 2944K, reserved 1048576K
}
Event: 1,660 GC heap before
{Heap before GC invocations=4 (full 0):
 garbage-first heap   total 256000K, used 37177K [0x0000000708000000, 0x0000000800000000)
  region size 1024K, 29 young (29696K), 5 survivors (5120K)
 Metaspace       used 20405K, capacity 21207K, committed 21248K, reserved 1067008K
  class space    used 2739K, capacity 3050K, committed 3072K, reserved 1048576K
}
Event: 1,668 GC heap after
{Heap after GC invocations=5 (full 0):
 garbage-first heap   total 346112K, used 14569K [0x0000000708000000, 0x0000000800000000)
  region size 1024K, 6 young (6144K), 6 survivors (6144K)
 Metaspace       used 20405K, capacity 21207K, committed 21248K, reserved 1067008K
  class space    used 2739K, capacity 3050K, committed 3072K, reserved 1048576K
}
Event: 2,224 GC heap before
{Heap before GC invocations=6 (full 0):
 garbage-first heap   total 346112K, used 129257K [0x0000000708000000, 0x0000000800000000)
  region size 1024K, 118 young (120832K), 6 survivors (6144K)
 Metaspace       used 23419K, capacity 24319K, committed 24572K, reserved 1071104K
  class space    used 3140K, capacity 3465K, committed 3580K, reserved 1048576K
}
Event: 2,233 GC heap after
{Heap after GC invocations=7 (full 0):
 garbage-first heap   total 346112K, used 16582K [0x0000000708000000, 0x0000000800000000)
  region size 1024K, 8 young (8192K), 8 survivors (8192K)
 Metaspace       used 23419K, capacity 24319K, committed 24572K, reserved 1071104K
  class space    used 3140K, capacity 3465K, committed 3580K, reserved 1048576K
}
Event: 2,793 GC heap before
{Heap before GC invocations=7 (full 0):
 garbage-first heap   total 346112K, used 174278K [0x0000000708000000, 0x0000000800000000)
  region size 1024K, 162 young (165888K), 8 survivors (8192K)
 Metaspace       used 27089K, capacity 28156K, committed 28412K, reserved 1073152K
  class space    used 3606K, capacity 4021K, committed 4092K, reserved 1048576K
}
Event: 2,802 GC heap after
{Heap after GC invocations=8 (full 0):
 garbage-first heap   total 346112K, used 22841K [0x0000000708000000, 0x0000000800000000)
  region size 1024K, 14 young (14336K), 14 survivors (14336K)
 Metaspace       used 27089K, capacity 28156K, committed 28412K, reserved 1073152K
  class space    used 3606K, capacity 4021K, committed 4092K, reserved 1048576K
}
Event: 3,199 GC heap before
{Heap before GC invocations=8 (full 0):
 garbage-first heap   total 346112K, used 192825K [0x0000000708000000, 0x0000000800000000)
  region size 1024K, 180 young (184320K), 14 survivors (14336K)
 Metaspace       used 29293K, capacity 30383K, committed 30844K, reserved 1075200K
  class space    used 3903K, capacity 4336K, committed 4476K, reserved 1048576K
}
Event: 3,208 GC heap after
{Heap after GC invocations=9 (full 0):
 garbage-first heap   total 346112K, used 23572K [0x0000000708000000, 0x0000000800000000)
  region size 1024K, 10 young (10240K), 10 survivors (10240K)
 Metaspace       used 29293K, capacity 30383K, committed 30844K, reserved 1075200K
  class space    used 3903K, capacity 4336K, committed 4476K, reserved 1048576K
}
Event: 3,684 GC heap before
{Heap before GC invocations=9 (full 0):
 garbage-first heap   total 346112K, used 216084K [0x0000000708000000, 0x0000000800000000)
  region size 1024K, 198 young (202752K), 10 survivors (10240K)
 Metaspace       used 30778K, capacity 31893K, committed 32252K, reserved 1077248K
  class space    used 4089K, capacity 4518K, committed 4604K, reserved 1048576K
}
Event: 3,692 GC heap after
{Heap after GC invocations=10 (full 0):
 garbage-first heap   total 415744K, used 26206K [0x0000000708000000, 0x0000000800000000)
  region size 1024K, 13 young (13312K), 13 survivors (13312K)
 Metaspace       used 30778K, capacity 31893K, committed 32252K, reserved 1077248K
  class space    used 4089K, capacity 4518K, committed 4604K, reserved 1048576K
}
Event: 7,254 GC heap before
{Heap before GC invocations=10 (full 0):
 garbage-first heap   total 415744K, used 155230K [0x0000000708000000, 0x0000000800000000)
  region size 1024K, 140 young (143360K), 13 survivors (13312K)
 Metaspace       used 34675K, capacity 35809K, committed 36048K, reserved 1081344K
  class space    used 4580K, capacity 5050K, committed 5116K, reserved 1048576K
}
Event: 7,261 GC heap after
{Heap after GC invocations=11 (full 0):
 garbage-first heap   total 415744K, used 25914K [0x0000000708000000, 0x0000000800000000)
  region size 1024K, 13 young (13312K), 13 survivors (13312K)
 Metaspace       used 34675K, capacity 35809K, committed 36048K, reserved 1081344K
  class space    used 4580K, capacity 5050K, committed 5116K, reserved 1048576K
}

