# JRE version: OpenJDK Runtime Environment (11.0.13+8) (build 11.0.13+8-Ubuntu-0ubuntu1.20.04)
# Java VM: OpenJDK 64-Bit Server VM (11.0.13+8-Ubuntu-0ubuntu1.20.04, mixed mode, sharing, tiered, compressed oops, g1 gc, linux-amd64)
Heap:
 garbage-first heap   total 403456K, used 98281K [0x0000000708000000, 0x0000000800000000)
  region size 1024K, 57 young (58368K), 14 survivors (14336K)
 Metaspace       used 36439K, capacity 37653K, committed 37840K, reserved 1081344K
  class space    used 4799K, capacity 5278K, committed 5372K, reserved 1048576K
GC Heap History (20 events):
Event: 0,581 GC heap before
{Heap before GC invocations=0 (full 0):
 garbage-first heap   total 256000K, used 25288K [0x0000000708000000, 0x0000000800000000)
  region size 1024K, 24 young (24576K), 0 survivors (0K)
 Metaspace       used 5348K, capacity 5726K, committed 6016K, reserved 1056768K
  class space    used 671K, capacity 769K, committed 896K, reserved 1048576K
}
Event: 0,601 GC heap after
{Heap after GC invocations=1 (full 0):
 garbage-first heap   total 256000K, used 8700K [0x0000000708000000, 0x0000000800000000)
  region size 1024K, 3 young (3072K), 3 survivors (3072K)
 Metaspace       used 5348K, capacity 5726K, committed 6016K, reserved 1056768K
  class space    used 671K, capacity 769K, committed 896K, reserved 1048576K
}
Event: 0,823 GC heap before
{Heap before GC invocations=1 (full 0):
 garbage-first heap   total 256000K, used 29180K [0x0000000708000000, 0x0000000800000000)
  region size 1024K, 23 young (23552K), 3 survivors (3072K)
 Metaspace       used 8244K, capacity 8653K, committed 8960K, reserved 1056768K
  class space    used 1054K, capacity 1192K, committed 1280K, reserved 1048576K
}
Event: 0,832 GC heap after
{Heap after GC invocations=2 (full 0):
 garbage-first heap   total 256000K, used 9982K [0x0000000708000000, 0x0000000800000000)
  region size 1024K, 2 young (2048K), 2 survivors (2048K)
 Metaspace       used 8244K, capacity 8653K, committed 8960K, reserved 1056768K
  class space    used 1054K, capacity 1192K, committed 1280K, reserved 1048576K
}
Event: 1,027 GC heap before
{Heap before GC invocations=2 (full 0):
 garbage-first heap   total 256000K, used 63230K [0x0000000708000000, 0x0000000800000000)
  region size 1024K, 54 young (55296K), 2 survivors (2048K)
 Metaspace       used 11283K, capacity 11784K, committed 12032K, reserved 1058816K
  class space    used 1562K, capacity 1744K, committed 1792K, reserved 1048576K
}
Event: 1,030 GC heap after
{Heap after GC invocations=3 (full 0):
 garbage-first heap   total 256000K, used 10778K [0x0000000708000000, 0x0000000800000000)
  region size 1024K, 3 young (3072K), 3 survivors (3072K)
 Metaspace       used 11283K, capacity 11784K, committed 12032K, reserved 1058816K
  class space    used 1562K, capacity 1744K, committed 1792K, reserved 1048576K
}
Event: 1,397 GC heap before
{Heap before GC invocations=3 (full 0):
 garbage-first heap   total 256000K, used 95770K [0x0000000708000000, 0x0000000800000000)
  region size 1024K, 86 young (88064K), 3 survivors (3072K)
 Metaspace       used 19259K, capacity 20034K, committed 20352K, reserved 1067008K
  class space    used 2574K, capacity 2855K, committed 2944K, reserved 1048576K
}
Event: 1,403 GC heap after
{Heap after GC invocations=4 (full 0):
 garbage-first heap   total 256000K, used 13397K [0x0000000708000000, 0x0000000800000000)
  region size 1024K, 5 young (5120K), 5 survivors (5120K)
 Metaspace       used 19259K, capacity 20034K, committed 20352K, reserved 1067008K
  class space    used 2574K, capacity 2855K, committed 2944K, reserved 1048576K
}
Event: 1,686 GC heap before
{Heap before GC invocations=4 (full 0):
 garbage-first heap   total 256000K, used 82005K [0x0000000708000000, 0x0000000800000000)
  region size 1024K, 73 young (74752K), 5 survivors (5120K)
 Metaspace       used 20422K, capacity 21206K, committed 21248K, reserved 1067008K
  class space    used 2741K, capacity 3050K, committed 3072K, reserved 1048576K
}
Event: 1,694 GC heap after
{Heap after GC invocations=5 (full 0):
 garbage-first heap   total 335872K, used 14531K [0x0000000708000000, 0x0000000800000000)
  region size 1024K, 6 young (6144K), 6 survivors (6144K)
 Metaspace       used 20422K, capacity 21206K, committed 21248K, reserved 1067008K
  class space    used 2741K, capacity 3050K, committed 3072K, reserved 1048576K
}
Event: 2,362 GC heap before
{Heap before GC invocations=6 (full 0):
 garbage-first heap   total 335872K, used 185539K [0x0000000708000000, 0x0000000800000000)
  region size 1024K, 173 young (177152K), 6 survivors (6144K)
 Metaspace       used 24019K, capacity 24977K, committed 25212K, reserved 1071104K
  class space    used 3254K, capacity 3623K, committed 3708K, reserved 1048576K
}
Event: 2,369 GC heap after
{Heap after GC invocations=7 (full 0):
 garbage-first heap   total 335872K, used 17276K [0x0000000708000000, 0x0000000800000000)
  region size 1024K, 9 young (9216K), 9 survivors (9216K)
 Metaspace       used 24019K, capacity 24977K, committed 25212K, reserved 1071104K
  class space    used 3254K, capacity 3623K, committed 3708K, reserved 1048576K
}
Event: 2,993 GC heap before
{Heap before GC invocations=7 (full 0):
 garbage-first heap   total 335872K, used 208764K [0x0000000708000000, 0x0000000800000000)
  region size 1024K, 196 young (200704K), 9 survivors (9216K)
 Metaspace       used 28543K, capacity 29672K, committed 29948K, reserved 1075200K
  class space    used 3781K, capacity 4207K, committed 4348K, reserved 1048576K
}
Event: 3,004 GC heap after
{Heap after GC invocations=8 (full 0):
 garbage-first heap   total 335872K, used 23372K [0x0000000708000000, 0x0000000800000000)
  region size 1024K, 15 young (15360K), 15 survivors (15360K)
 Metaspace       used 28543K, capacity 29672K, committed 29948K, reserved 1075200K
  class space    used 3781K, capacity 4207K, committed 4348K, reserved 1048576K
}
Event: 3,417 GC heap before
{Heap before GC invocations=8 (full 0):
 garbage-first heap   total 335872K, used 208716K [0x0000000708000000, 0x0000000800000000)
  region size 1024K, 196 young (200704K), 15 survivors (15360K)
 Metaspace       used 29887K, capacity 30943K, committed 31100K, reserved 1075200K
  class space    used 3984K, capacity 4415K, committed 4476K, reserved 1048576K
}
Event: 3,425 GC heap after
{Heap after GC invocations=9 (full 0):
 garbage-first heap   total 335872K, used 25336K [0x0000000708000000, 0x0000000800000000)
  region size 1024K, 15 young (15360K), 15 survivors (15360K)
 Metaspace       used 29887K, capacity 30943K, committed 31100K, reserved 1075200K
  class space    used 3984K, capacity 4415K, committed 4476K, reserved 1048576K
}
Event: 3,883 GC heap before
{Heap before GC invocations=9 (full 0):
 garbage-first heap   total 335872K, used 210680K [0x0000000708000000, 0x0000000800000000)
  region size 1024K, 196 young (200704K), 15 survivors (15360K)
 Metaspace       used 31181K, capacity 32249K, committed 32508K, reserved 1077248K
  class space    used 4146K, capacity 4572K, committed 4604K, reserved 1048576K
}
Event: 3,891 GC heap after
{Heap after GC invocations=10 (full 0):
 garbage-first heap   total 403456K, used 27662K [0x0000000708000000, 0x0000000800000000)
  region size 1024K, 15 young (15360K), 15 survivors (15360K)
 Metaspace       used 31181K, capacity 32249K, committed 32508K, reserved 1077248K
  class space    used 4146K, capacity 4572K, committed 4604K, reserved 1048576K
}
Event: 7,702 GC heap before
{Heap before GC invocations=10 (full 0):
 garbage-first heap   total 403456K, used 58382K [0x0000000708000000, 0x0000000800000000)
  region size 1024K, 46 young (47104K), 15 survivors (15360K)
 Metaspace       used 34618K, capacity 35775K, committed 36048K, reserved 1081344K
  class space    used 4570K, capacity 5018K, committed 5116K, reserved 1048576K
}
Event: 7,715 GC heap after
{Heap after GC invocations=11 (full 0):
 garbage-first heap   total 403456K, used 26601K [0x0000000708000000, 0x0000000800000000)
  region size 1024K, 14 young (14336K), 14 survivors (14336K)
 Metaspace       used 34618K, capacity 35775K, committed 36048K, reserved 1081344K
  class space    used 4570K, capacity 5018K, committed 5116K, reserved 1048576K
}

