# JRE version: OpenJDK Runtime Environment (11.0.13+8) (build 11.0.13+8-Ubuntu-0ubuntu1.20.04)
# Java VM: OpenJDK 64-Bit Server VM (11.0.13+8-Ubuntu-0ubuntu1.20.04, mixed mode, sharing, tiered, compressed oops, g1 gc, linux-amd64)
Heap:
 garbage-first heap   total 581632K, used 98589K [0x0000000708000000, 0x0000000800000000)
  region size 1024K, 61 young (62464K), 13 survivors (13312K)
 Metaspace       used 36609K, capacity 37785K, committed 38144K, reserved 1081344K
  class space    used 4812K, capacity 5278K, committed 5376K, reserved 1048576K
GC Heap History (18 events):
Event: 0,567 GC heap before
{Heap before GC invocations=0 (full 0):
 garbage-first heap   total 256000K, used 25288K [0x0000000708000000, 0x0000000800000000)
  region size 1024K, 24 young (24576K), 0 survivors (0K)
 Metaspace       used 5339K, capacity 5726K, committed 6016K, reserved 1056768K
  class space    used 671K, capacity 769K, committed 896K, reserved 1048576K
}
Event: 0,587 GC heap after
{Heap after GC invocations=1 (full 0):
 garbage-first heap   total 256000K, used 8504K [0x0000000708000000, 0x0000000800000000)
  region size 1024K, 3 young (3072K), 3 survivors (3072K)
 Metaspace       used 5339K, capacity 5726K, committed 6016K, reserved 1056768K
  class space    used 671K, capacity 769K, committed 896K, reserved 1048576K
}
Event: 0,775 GC heap before
{Heap before GC invocations=1 (full 0):
 garbage-first heap   total 256000K, used 23864K [0x0000000708000000, 0x0000000800000000)
  region size 1024K, 18 young (18432K), 3 survivors (3072K)
 Metaspace       used 7682K, capacity 8043K, committed 8320K, reserved 1056768K
  class space    used 982K, capacity 1133K, committed 1152K, reserved 1048576K
}
Event: 0,786 GC heap after
{Heap after GC invocations=2 (full 0):
 garbage-first heap   total 256000K, used 9971K [0x0000000708000000, 0x0000000800000000)
  region size 1024K, 2 young (2048K), 2 survivors (2048K)
 Metaspace       used 7682K, capacity 8043K, committed 8320K, reserved 1056768K
  class space    used 982K, capacity 1133K, committed 1152K, reserved 1048576K
}
Event: 0,924 GC heap before
{Heap before GC invocations=2 (full 0):
 garbage-first heap   total 256000K, used 52979K [0x0000000708000000, 0x0000000800000000)
  region size 1024K, 45 young (46080K), 2 survivors (2048K)
 Metaspace       used 10323K, capacity 10807K, committed 11136K, reserved 1058816K
  class space    used 1354K, capacity 1546K, committed 1664K, reserved 1048576K
}
Event: 0,927 GC heap after
{Heap after GC invocations=3 (full 0):
 garbage-first heap   total 256000K, used 10630K [0x0000000708000000, 0x0000000800000000)
  region size 1024K, 2 young (2048K), 2 survivors (2048K)
 Metaspace       used 10323K, capacity 10807K, committed 11136K, reserved 1058816K
  class space    used 1354K, capacity 1546K, committed 1664K, reserved 1048576K
}
Event: 1,315 GC heap before
{Heap before GC invocations=3 (full 0):
 garbage-first heap   total 256000K, used 92550K [0x0000000708000000, 0x0000000800000000)
  region size 1024K, 82 young (83968K), 2 survivors (2048K)
 Metaspace       used 18950K, capacity 19749K, committed 20096K, reserved 1067008K
  class space    used 2525K, capacity 2819K, committed 2944K, reserved 1048576K
}
Event: 1,328 GC heap after
{Heap after GC invocations=4 (full 0):
 garbage-first heap   total 256000K, used 12992K [0x0000000708000000, 0x0000000800000000)
  region size 1024K, 5 young (5120K), 5 survivors (5120K)
 Metaspace       used 18950K, capacity 19749K, committed 20096K, reserved 1067008K
  class space    used 2525K, capacity 2819K, committed 2944K, reserved 1048576K
}
Event: 1,632 GC heap before
{Heap before GC invocations=4 (full 0):
 garbage-first heap   total 256000K, used 96960K [0x0000000708000000, 0x0000000800000000)
  region size 1024K, 89 young (91136K), 5 survivors (5120K)
 Metaspace       used 20353K, capacity 21207K, committed 21248K, reserved 1067008K
  class space    used 2728K, capacity 3050K, committed 3072K, reserved 1048576K
}
Event: 1,642 GC heap after
{Heap after GC invocations=5 (full 0):
 garbage-first heap   total 368640K, used 14560K [0x0000000708000000, 0x0000000800000000)
  region size 1024K, 6 young (6144K), 6 survivors (6144K)
 Metaspace       used 20353K, capacity 21207K, committed 21248K, reserved 1067008K
  class space    used 2728K, capacity 3050K, committed 3072K, reserved 1048576K
}
Event: 2,525 GC heap before
{Heap before GC invocations=6 (full 0):
 garbage-first heap   total 368640K, used 229600K [0x0000000708000000, 0x0000000800000000)
  region size 1024K, 216 young (221184K), 6 survivors (6144K)
 Metaspace       used 25956K, capacity 26917K, committed 27264K, reserved 1073152K
  class space    used 3486K, capacity 3885K, committed 3968K, reserved 1048576K
}
Event: 2,577 GC heap after
{Heap after GC invocations=7 (full 0):
 garbage-first heap   total 368640K, used 21663K [0x0000000708000000, 0x0000000800000000)
  region size 1024K, 13 young (13312K), 13 survivors (13312K)
 Metaspace       used 25956K, capacity 26917K, committed 27264K, reserved 1073152K
  class space    used 3486K, capacity 3885K, committed 3968K, reserved 1048576K
}
Event: 3,124 GC heap before
{Heap before GC invocations=7 (full 0):
 garbage-first heap   total 368640K, used 229535K [0x0000000708000000, 0x0000000800000000)
  region size 1024K, 216 young (221184K), 13 survivors (13312K)
 Metaspace       used 29054K, capacity 30123K, committed 30464K, reserved 1075200K
  class space    used 3842K, capacity 4271K, committed 4352K, reserved 1048576K
}
Event: 3,132 GC heap after
{Heap after GC invocations=8 (full 0):
 garbage-first heap   total 368640K, used 23320K [0x0000000708000000, 0x0000000800000000)
  region size 1024K, 15 young (15360K), 15 survivors (15360K)
 Metaspace       used 29054K, capacity 30123K, committed 30464K, reserved 1075200K
  class space    used 3842K, capacity 4271K, committed 4352K, reserved 1048576K
}
Event: 3,685 GC heap before
{Heap before GC invocations=8 (full 0):
 garbage-first heap   total 368640K, used 229144K [0x0000000708000000, 0x0000000800000000)
  region size 1024K, 216 young (221184K), 15 survivors (15360K)
 Metaspace       used 30831K, capacity 31959K, committed 32256K, reserved 1077248K
  class space    used 4087K, capacity 4518K, committed 4608K, reserved 1048576K
}
Event: 3,699 GC heap after
{Heap after GC invocations=9 (full 0):
 garbage-first heap   total 368640K, used 26046K [0x0000000708000000, 0x0000000800000000)
  region size 1024K, 16 young (16384K), 16 survivors (16384K)
 Metaspace       used 30831K, capacity 31959K, committed 32256K, reserved 1077248K
  class space    used 4087K, capacity 4518K, committed 4608K, reserved 1048576K
}
Event: 4,400 GC heap before
{Heap before GC invocations=9 (full 0):
 garbage-first heap   total 368640K, used 161214K [0x0000000708000000, 0x0000000800000000)
  region size 1024K, 149 young (152576K), 16 survivors (16384K)
 Metaspace       used 34397K, capacity 35575K, committed 35840K, reserved 1079296K
  class space    used 4543K, capacity 5016K, committed 5120K, reserved 1048576K
}
Event: 4,415 GC heap after
{Heap after GC invocations=10 (full 0):
 garbage-first heap   total 581632K, used 25885K [0x0000000708000000, 0x0000000800000000)
  region size 1024K, 13 young (13312K), 13 survivors (13312K)
 Metaspace       used 34397K, capacity 35575K, committed 35840K, reserved 1079296K
  class space    used 4543K, capacity 5016K, committed 5120K, reserved 1048576K
}

