# JRE version: OpenJDK Runtime Environment (11.0.13+8) (build 11.0.13+8-Ubuntu-0ubuntu1.20.04)
# Java VM: OpenJDK 64-Bit Server VM (11.0.13+8-Ubuntu-0ubuntu1.20.04, mixed mode, sharing, tiered, compressed oops, g1 gc, linux-amd64)
Heap:
 garbage-first heap   total 430080K, used 186189K [0x0000000708000000, 0x0000000800000000)
  region size 1024K, 54 young (55296K), 7 survivors (7168K)
 Metaspace       used 37865K, capacity 39125K, committed 39296K, reserved 1083392K
  class space    used 4945K, capacity 5425K, committed 5504K, reserved 1048576K
GC Heap History (20 events):
Event: 12,303 GC heap before
{Heap before GC invocations=15 (full 0):
 garbage-first heap   total 430080K, used 259526K [0x0000000708000000, 0x0000000800000000)
  region size 1024K, 73 young (74752K), 13 survivors (13312K)
 Metaspace       used 37730K, capacity 38994K, committed 39296K, reserved 1083392K
  class space    used 4932K, capacity 5424K, committed 5504K, reserved 1048576K
}
Event: 12,315 GC heap after
{Heap after GC invocations=16 (full 0):
 garbage-first heap   total 430080K, used 52944K [0x0000000708000000, 0x0000000800000000)
  region size 1024K, 13 young (13312K), 13 survivors (13312K)
 Metaspace       used 37730K, capacity 38994K, committed 39296K, reserved 1083392K
  class space    used 4932K, capacity 5424K, committed 5504K, reserved 1048576K
}
Event: 13,361 GC heap before
{Heap before GC invocations=17 (full 0):
 garbage-first heap   total 430080K, used 259792K [0x0000000708000000, 0x0000000800000000)
  region size 1024K, 73 young (74752K), 13 survivors (13312K)
 Metaspace       used 37736K, capacity 38994K, committed 39296K, reserved 1083392K
  class space    used 4934K, capacity 5424K, committed 5504K, reserved 1048576K
}
Event: 13,375 GC heap after
{Heap after GC invocations=18 (full 0):
 garbage-first heap   total 430080K, used 52940K [0x0000000708000000, 0x0000000800000000)
  region size 1024K, 13 young (13312K), 13 survivors (13312K)
 Metaspace       used 37736K, capacity 38994K, committed 39296K, reserved 1083392K
  class space    used 4934K, capacity 5424K, committed 5504K, reserved 1048576K
}
Event: 14,478 GC heap before
{Heap before GC invocations=19 (full 0):
 garbage-first heap   total 430080K, used 258764K [0x0000000708000000, 0x0000000800000000)
  region size 1024K, 72 young (73728K), 13 survivors (13312K)
 Metaspace       used 37736K, capacity 38994K, committed 39296K, reserved 1083392K
  class space    used 4934K, capacity 5424K, committed 5504K, reserved 1048576K
}
Event: 14,488 GC heap after
{Heap after GC invocations=20 (full 0):
 garbage-first heap   total 430080K, used 52674K [0x0000000708000000, 0x0000000800000000)
  region size 1024K, 13 young (13312K), 13 survivors (13312K)
 Metaspace       used 37736K, capacity 38994K, committed 39296K, reserved 1083392K
  class space    used 4934K, capacity 5424K, committed 5504K, reserved 1048576K
}
Event: 15,521 GC heap before
{Heap before GC invocations=21 (full 0):
 garbage-first heap   total 430080K, used 258498K [0x0000000708000000, 0x0000000800000000)
  region size 1024K, 72 young (73728K), 13 survivors (13312K)
 Metaspace       used 37736K, capacity 38994K, committed 39296K, reserved 1083392K
  class space    used 4934K, capacity 5424K, committed 5504K, reserved 1048576K
}
Event: 15,533 GC heap after
{Heap after GC invocations=22 (full 0):
 garbage-first heap   total 430080K, used 53204K [0x0000000708000000, 0x0000000800000000)
  region size 1024K, 13 young (13312K), 13 survivors (13312K)
 Metaspace       used 37736K, capacity 38994K, committed 39296K, reserved 1083392K
  class space    used 4934K, capacity 5424K, committed 5504K, reserved 1048576K
}
Event: 16,555 GC heap before
{Heap before GC invocations=23 (full 0):
 garbage-first heap   total 430080K, used 260052K [0x0000000708000000, 0x0000000800000000)
  region size 1024K, 73 young (74752K), 13 survivors (13312K)
 Metaspace       used 37756K, capacity 38997K, committed 39296K, reserved 1083392K
  class space    used 4936K, capacity 5425K, committed 5504K, reserved 1048576K
}
Event: 16,564 GC heap after
{Heap after GC invocations=24 (full 0):
 garbage-first heap   total 430080K, used 52924K [0x0000000708000000, 0x0000000800000000)
  region size 1024K, 13 young (13312K), 13 survivors (13312K)
 Metaspace       used 37756K, capacity 38997K, committed 39296K, reserved 1083392K
  class space    used 4936K, capacity 5425K, committed 5504K, reserved 1048576K
}
Event: 17,649 GC heap before
{Heap before GC invocations=25 (full 0):
 garbage-first heap   total 430080K, used 258748K [0x0000000708000000, 0x0000000800000000)
  region size 1024K, 72 young (73728K), 13 survivors (13312K)
 Metaspace       used 37756K, capacity 38997K, committed 39296K, reserved 1083392K
  class space    used 4936K, capacity 5425K, committed 5504K, reserved 1048576K
}
Event: 17,657 GC heap after
{Heap after GC invocations=26 (full 0):
 garbage-first heap   total 430080K, used 52657K [0x0000000708000000, 0x0000000800000000)
  region size 1024K, 13 young (13312K), 13 survivors (13312K)
 Metaspace       used 37756K, capacity 38997K, committed 39296K, reserved 1083392K
  class space    used 4936K, capacity 5425K, committed 5504K, reserved 1048576K
}
Event: 18,667 GC heap before
{Heap before GC invocations=27 (full 0):
 garbage-first heap   total 430080K, used 258481K [0x0000000708000000, 0x0000000800000000)
  region size 1024K, 72 young (73728K), 13 survivors (13312K)
 Metaspace       used 37756K, capacity 38997K, committed 39296K, reserved 1083392K
  class space    used 4936K, capacity 5425K, committed 5504K, reserved 1048576K
}
Event: 18,678 GC heap after
{Heap after GC invocations=28 (full 0):
 garbage-first heap   total 430080K, used 53190K [0x0000000708000000, 0x0000000800000000)
  region size 1024K, 13 young (13312K), 13 survivors (13312K)
 Metaspace       used 37756K, capacity 38997K, committed 39296K, reserved 1083392K
  class space    used 4936K, capacity 5425K, committed 5504K, reserved 1048576K
}
Event: 19,651 GC heap before
{Heap before GC invocations=29 (full 0):
 garbage-first heap   total 430080K, used 259014K [0x0000000708000000, 0x0000000800000000)
  region size 1024K, 72 young (73728K), 13 survivors (13312K)
 Metaspace       used 37756K, capacity 38997K, committed 39296K, reserved 1083392K
  class space    used 4936K, capacity 5425K, committed 5504K, reserved 1048576K
}
Event: 19,661 GC heap after
{Heap after GC invocations=30 (full 0):
 garbage-first heap   total 430080K, used 52659K [0x0000000708000000, 0x0000000800000000)
  region size 1024K, 13 young (13312K), 13 survivors (13312K)
 Metaspace       used 37756K, capacity 38997K, committed 39296K, reserved 1083392K
  class space    used 4936K, capacity 5425K, committed 5504K, reserved 1048576K
}
Event: 20,724 GC heap before
{Heap before GC invocations=31 (full 0):
 garbage-first heap   total 430080K, used 258483K [0x0000000708000000, 0x0000000800000000)
  region size 1024K, 72 young (73728K), 13 survivors (13312K)
 Metaspace       used 37756K, capacity 38997K, committed 39296K, reserved 1083392K
  class space    used 4936K, capacity 5425K, committed 5504K, reserved 1048576K
}
Event: 20,735 GC heap after
{Heap after GC invocations=32 (full 0):
 garbage-first heap   total 430080K, used 52958K [0x0000000708000000, 0x0000000800000000)
  region size 1024K, 13 young (13312K), 13 survivors (13312K)
 Metaspace       used 37756K, capacity 38997K, committed 39296K, reserved 1083392K
  class space    used 4936K, capacity 5425K, committed 5504K, reserved 1048576K
}
Event: 21,708 GC heap before
{Heap before GC invocations=33 (full 0):
 garbage-first heap   total 430080K, used 258782K [0x0000000708000000, 0x0000000800000000)
  region size 1024K, 72 young (73728K), 13 survivors (13312K)
 Metaspace       used 37756K, capacity 38997K, committed 39296K, reserved 1083392K
  class space    used 4936K, capacity 5425K, committed 5504K, reserved 1048576K
}
Event: 21,718 GC heap after
{Heap after GC invocations=34 (full 0):
 garbage-first heap   total 430080K, used 53069K [0x0000000708000000, 0x0000000800000000)
  region size 1024K, 7 young (7168K), 7 survivors (7168K)
 Metaspace       used 37756K, capacity 38997K, committed 39296K, reserved 1083392K
  class space    used 4936K, capacity 5425K, committed 5504K, reserved 1048576K
}

