# JRE version: OpenJDK Runtime Environment (11.0.13+8) (build 11.0.13+8-Ubuntu-0ubuntu1.20.04)
# Java VM: OpenJDK 64-Bit Server VM (11.0.13+8-Ubuntu-0ubuntu1.20.04, mixed mode, sharing, tiered, compressed oops, g1 gc, linux-amd64)
Heap:
 garbage-first heap   total 477184K, used 97580K [0x0000000708000000, 0x0000000800000000)
  region size 1024K, 62 young (63488K), 16 survivors (16384K)
 Metaspace       used 36519K, capacity 37718K, committed 37888K, reserved 1081344K
  class space    used 4807K, capacity 5278K, committed 5376K, reserved 1048576K
GC Heap History (20 events):
Event: 0,588 GC heap before
{Heap before GC invocations=0 (full 0):
 garbage-first heap   total 256000K, used 25288K [0x0000000708000000, 0x0000000800000000)
  region size 1024K, 24 young (24576K), 0 survivors (0K)
 Metaspace       used 5343K, capacity 5726K, committed 6016K, reserved 1056768K
  class space    used 671K, capacity 769K, committed 896K, reserved 1048576K
}
Event: 0,605 GC heap after
{Heap after GC invocations=1 (full 0):
 garbage-first heap   total 256000K, used 8795K [0x0000000708000000, 0x0000000800000000)
  region size 1024K, 3 young (3072K), 3 survivors (3072K)
 Metaspace       used 5343K, capacity 5726K, committed 6016K, reserved 1056768K
  class space    used 671K, capacity 769K, committed 896K, reserved 1048576K
}
Event: 0,788 GC heap before
{Heap before GC invocations=1 (full 0):
 garbage-first heap   total 256000K, used 24155K [0x0000000708000000, 0x0000000800000000)
  region size 1024K, 18 young (18432K), 3 survivors (3072K)
 Metaspace       used 7667K, capacity 8043K, committed 8320K, reserved 1056768K
  class space    used 977K, capacity 1133K, committed 1152K, reserved 1048576K
}
Event: 0,819 GC heap after
{Heap after GC invocations=2 (full 0):
 garbage-first heap   total 256000K, used 10096K [0x0000000708000000, 0x0000000800000000)
  region size 1024K, 2 young (2048K), 2 survivors (2048K)
 Metaspace       used 7667K, capacity 8043K, committed 8320K, reserved 1056768K
  class space    used 977K, capacity 1133K, committed 1152K, reserved 1048576K
}
Event: 0,981 GC heap before
{Heap before GC invocations=2 (full 0):
 garbage-first heap   total 256000K, used 51056K [0x0000000708000000, 0x0000000800000000)
  region size 1024K, 43 young (44032K), 2 survivors (2048K)
 Metaspace       used 10200K, capacity 10711K, committed 11008K, reserved 1058816K
  class space    used 1339K, capacity 1514K, committed 1536K, reserved 1048576K
}
Event: 0,986 GC heap after
{Heap after GC invocations=3 (full 0):
 garbage-first heap   total 256000K, used 10740K [0x0000000708000000, 0x0000000800000000)
  region size 1024K, 2 young (2048K), 2 survivors (2048K)
 Metaspace       used 10200K, capacity 10711K, committed 11008K, reserved 1058816K
  class space    used 1339K, capacity 1514K, committed 1536K, reserved 1048576K
}
Event: 1,376 GC heap before
{Heap before GC invocations=3 (full 0):
 garbage-first heap   total 256000K, used 93684K [0x0000000708000000, 0x0000000800000000)
  region size 1024K, 83 young (84992K), 2 survivors (2048K)
 Metaspace       used 18909K, capacity 19704K, committed 19840K, reserved 1067008K
  class space    used 2536K, capacity 2839K, committed 2944K, reserved 1048576K
}
Event: 1,384 GC heap after
{Heap after GC invocations=4 (full 0):
 garbage-first heap   total 256000K, used 13007K [0x0000000708000000, 0x0000000800000000)
  region size 1024K, 5 young (5120K), 5 survivors (5120K)
 Metaspace       used 18909K, capacity 19704K, committed 19840K, reserved 1067008K
  class space    used 2536K, capacity 2839K, committed 2944K, reserved 1048576K
}
Event: 1,717 GC heap before
{Heap before GC invocations=4 (full 0):
 garbage-first heap   total 256000K, used 94927K [0x0000000708000000, 0x0000000800000000)
  region size 1024K, 86 young (88064K), 5 survivors (5120K)
 Metaspace       used 20272K, capacity 21104K, committed 21248K, reserved 1067008K
  class space    used 2713K, capacity 3017K, committed 3072K, reserved 1048576K
}
Event: 1,727 GC heap after
{Heap after GC invocations=5 (full 0):
 garbage-first heap   total 397312K, used 14558K [0x0000000708000000, 0x0000000800000000)
  region size 1024K, 6 young (6144K), 6 survivors (6144K)
 Metaspace       used 20272K, capacity 21104K, committed 21248K, reserved 1067008K
  class space    used 2713K, capacity 3017K, committed 3072K, reserved 1048576K
}
Event: 2,354 GC heap before
{Heap before GC invocations=6 (full 0):
 garbage-first heap   total 397312K, used 139486K [0x0000000708000000, 0x0000000800000000)
  region size 1024K, 128 young (131072K), 6 survivors (6144K)
 Metaspace       used 23599K, capacity 24528K, committed 24832K, reserved 1071104K
  class space    used 3163K, capacity 3514K, committed 3584K, reserved 1048576K
}
Event: 2,362 GC heap after
{Heap after GC invocations=7 (full 0):
 garbage-first heap   total 397312K, used 16911K [0x0000000708000000, 0x0000000800000000)
  region size 1024K, 8 young (8192K), 8 survivors (8192K)
 Metaspace       used 23599K, capacity 24528K, committed 24832K, reserved 1071104K
  class space    used 3163K, capacity 3514K, committed 3584K, reserved 1048576K
}
Event: 2,978 GC heap before
{Heap before GC invocations=7 (full 0):
 garbage-first heap   total 397312K, used 210447K [0x0000000708000000, 0x0000000800000000)
  region size 1024K, 197 young (201728K), 8 survivors (8192K)
 Metaspace       used 27381K, capacity 28394K, committed 28672K, reserved 1073152K
  class space    used 3644K, capacity 4057K, committed 4096K, reserved 1048576K
}
Event: 2,985 GC heap after
{Heap after GC invocations=8 (full 0):
 garbage-first heap   total 397312K, used 23252K [0x0000000708000000, 0x0000000800000000)
  region size 1024K, 15 young (15360K), 15 survivors (15360K)
 Metaspace       used 27381K, capacity 28394K, committed 28672K, reserved 1073152K
  class space    used 3644K, capacity 4057K, committed 4096K, reserved 1048576K
}
Event: 3,506 GC heap before
{Heap before GC invocations=8 (full 0):
 garbage-first heap   total 397312K, used 245460K [0x0000000708000000, 0x0000000800000000)
  region size 1024K, 232 young (237568K), 15 survivors (15360K)
 Metaspace       used 29794K, capacity 30876K, committed 31104K, reserved 1075200K
  class space    used 3965K, capacity 4414K, committed 4480K, reserved 1048576K
}
Event: 3,516 GC heap after
{Heap after GC invocations=9 (full 0):
 garbage-first heap   total 397312K, used 25125K [0x0000000708000000, 0x0000000800000000)
  region size 1024K, 16 young (16384K), 16 survivors (16384K)
 Metaspace       used 29794K, capacity 30876K, committed 31104K, reserved 1075200K
  class space    used 3965K, capacity 4414K, committed 4480K, reserved 1048576K
}
Event: 4,141 GC heap before
{Heap before GC invocations=9 (full 0):
 garbage-first heap   total 397312K, used 246309K [0x0000000708000000, 0x0000000800000000)
  region size 1024K, 233 young (238592K), 16 survivors (16384K)
 Metaspace       used 33253K, capacity 34402K, committed 34688K, reserved 1079296K
  class space    used 4404K, capacity 4884K, committed 4992K, reserved 1048576K
}
Event: 4,151 GC heap after
{Heap after GC invocations=10 (full 0):
 garbage-first heap   total 477184K, used 25691K [0x0000000708000000, 0x0000000800000000)
  region size 1024K, 16 young (16384K), 16 survivors (16384K)
 Metaspace       used 33253K, capacity 34402K, committed 34688K, reserved 1079296K
  class space    used 4404K, capacity 4884K, committed 4992K, reserved 1048576K
}
Event: 6,594 GC heap before
{Heap before GC invocations=10 (full 0):
 garbage-first heap   total 477184K, used 33883K [0x0000000708000000, 0x0000000800000000)
  region size 1024K, 25 young (25600K), 16 survivors (16384K)
 Metaspace       used 34497K, capacity 35648K, committed 35840K, reserved 1079296K
  class space    used 4555K, capacity 5018K, committed 5120K, reserved 1048576K
}
Event: 6,607 GC heap after
{Heap after GC invocations=11 (full 0):
 garbage-first heap   total 477184K, used 25900K [0x0000000708000000, 0x0000000800000000)
  region size 1024K, 16 young (16384K), 16 survivors (16384K)
 Metaspace       used 34497K, capacity 35648K, committed 35840K, reserved 1079296K
  class space    used 4555K, capacity 5018K, committed 5120K, reserved 1048576K
}

