# JRE version: OpenJDK Runtime Environment (11.0.13+8) (build 11.0.13+8-Ubuntu-0ubuntu1.20.04)
# Java VM: OpenJDK 64-Bit Server VM (11.0.13+8-Ubuntu-0ubuntu1.20.04, mixed mode, sharing, tiered, compressed oops, g1 gc, linux-amd64)
Heap:
 garbage-first heap   total 396288K, used 70061K [0x0000000708000000, 0x0000000800000000)
  region size 1024K, 35 young (35840K), 13 survivors (13312K)
 Metaspace       used 36481K, capacity 37656K, committed 38008K, reserved 1081344K
  class space    used 4805K, capacity 5277K, committed 5376K, reserved 1048576K
GC Heap History (20 events):
Event: 0,512 GC heap before
{Heap before GC invocations=0 (full 0):
 garbage-first heap   total 256000K, used 25288K [0x0000000708000000, 0x0000000800000000)
  region size 1024K, 24 young (24576K), 0 survivors (0K)
 Metaspace       used 5354K, capacity 5728K, committed 6016K, reserved 1056768K
  class space    used 671K, capacity 769K, committed 896K, reserved 1048576K
}
Event: 0,524 GC heap after
{Heap after GC invocations=1 (full 0):
 garbage-first heap   total 256000K, used 8453K [0x0000000708000000, 0x0000000800000000)
  region size 1024K, 3 young (3072K), 3 survivors (3072K)
 Metaspace       used 5354K, capacity 5728K, committed 6016K, reserved 1056768K
  class space    used 671K, capacity 769K, committed 896K, reserved 1048576K
}
Event: 0,677 GC heap before
{Heap before GC invocations=1 (full 0):
 garbage-first heap   total 256000K, used 23813K [0x0000000708000000, 0x0000000800000000)
  region size 1024K, 18 young (18432K), 3 survivors (3072K)
 Metaspace       used 7609K, capacity 7981K, committed 8064K, reserved 1056768K
  class space    used 968K, capacity 1133K, committed 1152K, reserved 1048576K
}
Event: 0,684 GC heap after
{Heap after GC invocations=2 (full 0):
 garbage-first heap   total 256000K, used 10053K [0x0000000708000000, 0x0000000800000000)
  region size 1024K, 2 young (2048K), 2 survivors (2048K)
 Metaspace       used 7609K, capacity 7981K, committed 8064K, reserved 1056768K
  class space    used 968K, capacity 1133K, committed 1152K, reserved 1048576K
}
Event: 0,810 GC heap before
{Heap before GC invocations=2 (full 0):
 garbage-first heap   total 256000K, used 54085K [0x0000000708000000, 0x0000000800000000)
  region size 1024K, 45 young (46080K), 2 survivors (2048K)
 Metaspace       used 10453K, capacity 10905K, committed 11136K, reserved 1058816K
  class space    used 1398K, capacity 1578K, committed 1664K, reserved 1048576K
}
Event: 0,815 GC heap after
{Heap after GC invocations=3 (full 0):
 garbage-first heap   total 256000K, used 10638K [0x0000000708000000, 0x0000000800000000)
  region size 1024K, 2 young (2048K), 2 survivors (2048K)
 Metaspace       used 10453K, capacity 10905K, committed 11136K, reserved 1058816K
  class space    used 1398K, capacity 1578K, committed 1664K, reserved 1048576K
}
Event: 1,171 GC heap before
{Heap before GC invocations=3 (full 0):
 garbage-first heap   total 256000K, used 90510K [0x0000000708000000, 0x0000000800000000)
  region size 1024K, 80 young (81920K), 2 survivors (2048K)
 Metaspace       used 18422K, capacity 19090K, committed 19456K, reserved 1067008K
  class space    used 2444K, capacity 2696K, committed 2816K, reserved 1048576K
}
Event: 1,177 GC heap after
{Heap after GC invocations=4 (full 0):
 garbage-first heap   total 256000K, used 13041K [0x0000000708000000, 0x0000000800000000)
  region size 1024K, 5 young (5120K), 5 survivors (5120K)
 Metaspace       used 18422K, capacity 19090K, committed 19456K, reserved 1067008K
  class space    used 2444K, capacity 2696K, committed 2816K, reserved 1048576K
}
Event: 1,448 GC heap before
{Heap before GC invocations=4 (full 0):
 garbage-first heap   total 256000K, used 95985K [0x0000000708000000, 0x0000000800000000)
  region size 1024K, 87 young (89088K), 5 survivors (5120K)
 Metaspace       used 20301K, capacity 21142K, committed 21248K, reserved 1067008K
  class space    used 2723K, capacity 3049K, committed 3072K, reserved 1048576K
}
Event: 1,457 GC heap after
{Heap after GC invocations=5 (full 0):
 garbage-first heap   total 329728K, used 14431K [0x0000000708000000, 0x0000000800000000)
  region size 1024K, 6 young (6144K), 6 survivors (6144K)
 Metaspace       used 20301K, capacity 21142K, committed 21248K, reserved 1067008K
  class space    used 2723K, capacity 3049K, committed 3072K, reserved 1048576K
}
Event: 2,082 GC heap before
{Heap before GC invocations=6 (full 0):
 garbage-first heap   total 329728K, used 190559K [0x0000000708000000, 0x0000000800000000)
  region size 1024K, 178 young (182272K), 6 survivors (6144K)
 Metaspace       used 24052K, capacity 24985K, committed 25216K, reserved 1071104K
  class space    used 3257K, capacity 3623K, committed 3712K, reserved 1048576K
}
Event: 2,089 GC heap after
{Heap after GC invocations=7 (full 0):
 garbage-first heap   total 329728K, used 17351K [0x0000000708000000, 0x0000000800000000)
  region size 1024K, 9 young (9216K), 9 survivors (9216K)
 Metaspace       used 24052K, capacity 24985K, committed 25216K, reserved 1071104K
  class space    used 3257K, capacity 3623K, committed 3712K, reserved 1048576K
}
Event: 2,626 GC heap before
{Heap before GC invocations=7 (full 0):
 garbage-first heap   total 329728K, used 205767K [0x0000000708000000, 0x0000000800000000)
  region size 1024K, 193 young (197632K), 9 survivors (9216K)
 Metaspace       used 28582K, capacity 29680K, committed 29824K, reserved 1075200K
  class space    used 3783K, capacity 4207K, committed 4224K, reserved 1048576K
}
Event: 2,634 GC heap after
{Heap after GC invocations=8 (full 0):
 garbage-first heap   total 329728K, used 23139K [0x0000000708000000, 0x0000000800000000)
  region size 1024K, 15 young (15360K), 15 survivors (15360K)
 Metaspace       used 28582K, capacity 29680K, committed 29824K, reserved 1075200K
  class space    used 3783K, capacity 4207K, committed 4224K, reserved 1048576K
}
Event: 2,996 GC heap before
{Heap before GC invocations=8 (full 0):
 garbage-first heap   total 329728K, used 205411K [0x0000000708000000, 0x0000000800000000)
  region size 1024K, 193 young (197632K), 15 survivors (15360K)
 Metaspace       used 29862K, capacity 30951K, committed 31104K, reserved 1075200K
  class space    used 3974K, capacity 4415K, committed 4480K, reserved 1048576K
}
Event: 3,004 GC heap after
{Heap after GC invocations=9 (full 0):
 garbage-first heap   total 329728K, used 24792K [0x0000000708000000, 0x0000000800000000)
  region size 1024K, 14 young (14336K), 14 survivors (14336K)
 Metaspace       used 29862K, capacity 30951K, committed 31104K, reserved 1075200K
  class space    used 3974K, capacity 4415K, committed 4480K, reserved 1048576K
}
Event: 3,387 GC heap before
{Heap before GC invocations=9 (full 0):
 garbage-first heap   total 329728K, used 208088K [0x0000000708000000, 0x0000000800000000)
  region size 1024K, 193 young (197632K), 14 survivors (14336K)
 Metaspace       used 31191K, capacity 32321K, committed 32512K, reserved 1077248K
  class space    used 4140K, capacity 4572K, committed 4608K, reserved 1048576K
}
Event: 3,395 GC heap after
{Heap after GC invocations=10 (full 0):
 garbage-first heap   total 396288K, used 27404K [0x0000000708000000, 0x0000000800000000)
  region size 1024K, 15 young (15360K), 15 survivors (15360K)
 Metaspace       used 31191K, capacity 32321K, committed 32512K, reserved 1077248K
  class space    used 4140K, capacity 4572K, committed 4608K, reserved 1048576K
}
Event: 4,215 GC heap before
{Heap before GC invocations=10 (full 0):
 garbage-first heap   total 396288K, used 63244K [0x0000000708000000, 0x0000000800000000)
  region size 1024K, 51 young (52224K), 15 survivors (15360K)
 Metaspace       used 34359K, capacity 35560K, committed 35628K, reserved 1079296K
  class space    used 4541K, capacity 4986K, committed 4992K, reserved 1048576K
}
Event: 4,239 GC heap after
{Heap after GC invocations=11 (full 0):
 garbage-first heap   total 396288K, used 26029K [0x0000000708000000, 0x0000000800000000)
  region size 1024K, 13 young (13312K), 13 survivors (13312K)
 Metaspace       used 34359K, capacity 35560K, committed 35628K, reserved 1079296K
  class space    used 4541K, capacity 4986K, committed 4992K, reserved 1048576K
}

